  glad.c
  main.cpp
C:\Users\chidl\source\repos\OpenGL Mandelbrot\OpenGL Mandelbrot\Shader.h(45,40): warning C4101: e: неиспользованная локальная переменная
C:\Users\chidl\source\repos\OpenGL Mandelbrot\OpenGL Mandelbrot\main.cpp(111,35): warning C4244: аргумент: преобразование "float" в "int", возможна потеря данных
C:\Users\chidl\source\repos\OpenGL Mandelbrot\OpenGL Mandelbrot\main.cpp(114,44): warning C4244: аргумент: преобразование "double" в "float", возможна потеря данных
C:\Users\chidl\source\repos\OpenGL Mandelbrot\OpenGL Mandelbrot\main.cpp(158,21): warning C4305: /=: усечение из "double" в "float"
C:\Users\chidl\source\repos\OpenGL Mandelbrot\OpenGL Mandelbrot\main.cpp(159,17): warning C4305: +=: усечение из "double" в "float"
C:\Users\chidl\source\repos\OpenGL Mandelbrot\OpenGL Mandelbrot\main.cpp(164,21): warning C4305: *=: усечение из "double" в "float"
C:\Users\chidl\source\repos\OpenGL Mandelbrot\OpenGL Mandelbrot\main.cpp(165,17): warning C4305: -=: усечение из "double" в "float"
C:\Users\chidl\source\repos\OpenGL Mandelbrot\OpenGL Mandelbrot\main.cpp(169,29): warning C4305: +=: усечение из "double" в "T"
          with
          [
              T=float
          ]
C:\Users\chidl\source\repos\OpenGL Mandelbrot\OpenGL Mandelbrot\main.cpp(172,29): warning C4305: -=: усечение из "double" в "T"
          with
          [
              T=float
          ]
C:\Users\chidl\source\repos\OpenGL Mandelbrot\OpenGL Mandelbrot\main.cpp(175,29): warning C4305: +=: усечение из "double" в "T"
          with
          [
              T=float
          ]
C:\Users\chidl\source\repos\OpenGL Mandelbrot\OpenGL Mandelbrot\main.cpp(178,29): warning C4305: -=: усечение из "double" в "T"
          with
          [
              T=float
          ]
LINK : warning LNK4098: библиотека по умолчанию "MSVCRTD" конфликтует с использованием других библиотек; используйте /NODEFAULTLIB:library
  Создание кода
  Previous IPDB not found, fall back to full compilation.
  All 250 functions were compiled because no usable IPDB/IOBJ from previous compilation was found.
  Создание кода завершено
  OpenGL Mandelbrot.vcxproj -> C:\Users\chidl\source\repos\OpenGL Mandelbrot\x64\Release\OpenGL Mandelbrot.exe
